<?xml version="1.0" encoding="utf-8"?><testsuites><testsuite name="pytest" errors="0" failures="0" skipped="0" tests="3" time="16.602" timestamp="2022-10-30T13:16:01.457693" hostname="Chittaranjan-Ideapad"><testcase classname="test_HomePage.TestHomePage" name="test_formSubmission[getData0]" time="4.393" /><testcase classname="test_HomePage.TestHomePage" name="test_formSubmission[getData1]" time="1.467" /><testcase classname="test_e2e.TestOne" name="test_e2e" time="10.651" /></testsuite></testsuites>